# JRE version: OpenJDK Runtime Environment (8.0) (build 1.8.0-25-microsoft-b00)
# Java VM: OpenJDK 64-Bit Server VM (25.71-b00 mixed mode windows-amd64 compressed oops)
Heap:
 PSYoungGen      total 119296K, used 18540K [0x00000000eab00000, 0x00000000f6d80000, 0x0000000100000000)
  eden space 114688K, 12% used [0x00000000eab00000,0x00000000eb89e440,0x00000000f1b00000)
  from space 4608K, 99% used [0x00000000f1b00000,0x00000000f1f7cde0,0x00000000f1f80000)
  to   space 29696K, 0% used [0x00000000f5080000,0x00000000f5080000,0x00000000f6d80000)
 ParOldGen       total 136192K, used 109765K [0x00000000c0000000, 0x00000000c8500000, 0x00000000eab00000)
  object space 136192K, 80% used [0x00000000c0000000,0x00000000c6b317f0,0x00000000c8500000)
 Metaspace       used 6603K, capacity 7346K, committed 7552K, reserved 1056768K
  class space    used 603K, capacity 618K, committed 640K, reserved 1048576K
GC Heap History (10 events):
Event: 8.849 GC heap before
{Heap before GC invocations=6 (full 0):
 PSYoungGen      total 119296K, used 119284K [0x00000000eab00000, 0x00000000f2400000, 0x0000000100000000)
  eden space 114688K, 100% used [0x00000000eab00000,0x00000000f1b00000,0x00000000f1b00000)
  from space 4608K, 99% used [0x00000000f1b00000,0x00000000f1f7d308,0x00000000f1f80000)
  to   space 4608K, 0% used [0x00000000f1f80000,0x00000000f1f80000,0x00000000f2400000)
 ParOldGen       total 76800K, used 45676K [0x00000000c0000000, 0x00000000c4b00000, 0x00000000eab00000)
  object space 76800K, 59% used [0x00000000c0000000,0x00000000c2c9b2a8,0x00000000c4b00000)
 Metaspace       used 6566K, capacity 7282K, committed 7552K, reserved 1056768K
  class space    used 603K, capacity 618K, committed 640K, reserved 1048576K
Event: 8.915 GC heap after
Heap after GC invocations=6 (full 0):
 PSYoungGen      total 119296K, used 4595K [0x00000000eab00000, 0x00000000f2400000, 0x0000000100000000)
  eden space 114688K, 0% used [0x00000000eab00000,0x00000000eab00000,0x00000000f1b00000)
  from space 4608K, 99% used [0x00000000f1f80000,0x00000000f23fce08,0x00000000f2400000)
  to   space 4608K, 0% used [0x00000000f1b00000,0x00000000f1b00000,0x00000000f1f80000)
 ParOldGen       total 76800K, used 63451K [0x00000000c0000000, 0x00000000c4b00000, 0x00000000eab00000)
  object space 76800K, 82% used [0x00000000c0000000,0x00000000c3df6e40,0x00000000c4b00000)
 Metaspace       used 6566K, capacity 7282K, committed 7552K, reserved 1056768K
  class space    used 603K, capacity 618K, committed 640K, reserved 1048576K
}
Event: 8.915 GC heap before
{Heap before GC invocations=7 (full 1):
 PSYoungGen      total 119296K, used 4595K [0x00000000eab00000, 0x00000000f2400000, 0x0000000100000000)
  eden space 114688K, 0% used [0x00000000eab00000,0x00000000eab00000,0x00000000f1b00000)
  from space 4608K, 99% used [0x00000000f1f80000,0x00000000f23fce08,0x00000000f2400000)
  to   space 4608K, 0% used [0x00000000f1b00000,0x00000000f1b00000,0x00000000f1f80000)
 ParOldGen       total 76800K, used 63451K [0x00000000c0000000, 0x00000000c4b00000, 0x00000000eab00000)
  object space 76800K, 82% used [0x00000000c0000000,0x00000000c3df6e40,0x00000000c4b00000)
 Metaspace       used 6566K, capacity 7282K, committed 7552K, reserved 1056768K
  class space    used 603K, capacity 618K, committed 640K, reserved 1048576K
Event: 9.577 GC heap after
Heap after GC invocations=7 (full 1):
 PSYoungGen      total 119296K, used 0K [0x00000000eab00000, 0x00000000f2400000, 0x0000000100000000)
  eden space 114688K, 0% used [0x00000000eab00000,0x00000000eab00000,0x00000000f1b00000)
  from space 4608K, 0% used [0x00000000f1f80000,0x00000000f1f80000,0x00000000f2400000)
  to   space 4608K, 0% used [0x00000000f1b00000,0x00000000f1b00000,0x00000000f1f80000)
 ParOldGen       total 136192K, used 63589K [0x00000000c0000000, 0x00000000c8500000, 0x00000000eab00000)
  object space 136192K, 46% used [0x00000000c0000000,0x00000000c3e197f8,0x00000000c8500000)
 Metaspace       used 6566K, capacity 7282K, committed 7552K, reserved 1056768K
  class space    used 603K, capacity 618K, committed 640K, reserved 1048576K
}
Event: 10.851 GC heap before
{Heap before GC invocations=8 (full 1):
 PSYoungGen      total 119296K, used 114688K [0x00000000eab00000, 0x00000000f2400000, 0x0000000100000000)
  eden space 114688K, 100% used [0x00000000eab00000,0x00000000f1b00000,0x00000000f1b00000)
  from space 4608K, 0% used [0x00000000f1f80000,0x00000000f1f80000,0x00000000f2400000)
  to   space 4608K, 0% used [0x00000000f1b00000,0x00000000f1b00000,0x00000000f1f80000)
 ParOldGen       total 136192K, used 63589K [0x00000000c0000000, 0x00000000c8500000, 0x00000000eab00000)
  object space 136192K, 46% used [0x00000000c0000000,0x00000000c3e197f8,0x00000000c8500000)
 Metaspace       used 6583K, capacity 7282K, committed 7552K, reserved 1056768K
  class space    used 603K, capacity 618K, committed 640K, reserved 1048576K
Event: 10.899 GC heap after
Heap after GC invocations=8 (full 1):
 PSYoungGen      total 119296K, used 4599K [0x00000000eab00000, 0x00000000f2400000, 0x0000000100000000)
  eden space 114688K, 0% used [0x00000000eab00000,0x00000000eab00000,0x00000000f1b00000)
  from space 4608K, 99% used [0x00000000f1b00000,0x00000000f1f7de60,0x00000000f1f80000)
  to   space 4608K, 0% used [0x00000000f1f80000,0x00000000f1f80000,0x00000000f2400000)
 ParOldGen       total 136192K, used 75330K [0x00000000c0000000, 0x00000000c8500000, 0x00000000eab00000)
  object space 136192K, 55% used [0x00000000c0000000,0x00000000c49908b0,0x00000000c8500000)
 Metaspace       used 6583K, capacity 7282K, committed 7552K, reserved 1056768K
  class space    used 603K, capacity 618K, committed 640K, reserved 1048576K
}
Event: 12.297 GC heap before
{Heap before GC invocations=9 (full 1):
 PSYoungGen      total 119296K, used 119287K [0x00000000eab00000, 0x00000000f2400000, 0x0000000100000000)
  eden space 114688K, 100% used [0x00000000eab00000,0x00000000f1b00000,0x00000000f1b00000)
  from space 4608K, 99% used [0x00000000f1b00000,0x00000000f1f7de60,0x00000000f1f80000)
  to   space 4608K, 0% used [0x00000000f1f80000,0x00000000f1f80000,0x00000000f2400000)
 ParOldGen       total 136192K, used 75330K [0x00000000c0000000, 0x00000000c8500000, 0x00000000eab00000)
  object space 136192K, 55% used [0x00000000c0000000,0x00000000c49908b0,0x00000000c8500000)
 Metaspace       used 6600K, capacity 7346K, committed 7552K, reserved 1056768K
  class space    used 603K, capacity 618K, committed 640K, reserved 1048576K
Event: 12.366 GC heap after
Heap after GC invocations=9 (full 1):
 PSYoungGen      total 119296K, used 4595K [0x00000000eab00000, 0x00000000f2400000, 0x0000000100000000)
  eden space 114688K, 0% used [0x00000000eab00000,0x00000000eab00000,0x00000000f1b00000)
  from space 4608K, 99% used [0x00000000f1f80000,0x00000000f23fcc88,0x00000000f2400000)
  to   space 4608K, 0% used [0x00000000f1b00000,0x00000000f1b00000,0x00000000f1f80000)
 ParOldGen       total 136192K, used 92644K [0x00000000c0000000, 0x00000000c8500000, 0x00000000eab00000)
  object space 136192K, 68% used [0x00000000c0000000,0x00000000c5a791b0,0x00000000c8500000)
 Metaspace       used 6600K, capacity 7346K, committed 7552K, reserved 1056768K
  class space    used 603K, capacity 618K, committed 640K, reserved 1048576K
}
Event: 13.670 GC heap before
{Heap before GC invocations=10 (full 1):
 PSYoungGen      total 119296K, used 119283K [0x00000000eab00000, 0x00000000f2400000, 0x0000000100000000)
  eden space 114688K, 100% used [0x00000000eab00000,0x00000000f1b00000,0x00000000f1b00000)
  from space 4608K, 99% used [0x00000000f1f80000,0x00000000f23fcc88,0x00000000f2400000)
  to   space 4608K, 0% used [0x00000000f1b00000,0x00000000f1b00000,0x00000000f1f80000)
 ParOldGen       total 136192K, used 92644K [0x00000000c0000000, 0x00000000c8500000, 0x00000000eab00000)
  object space 136192K, 68% used [0x00000000c0000000,0x00000000c5a791b0,0x00000000c8500000)
 Metaspace       used 6602K, capacity 7346K, committed 7552K, reserved 1056768K
  class space    used 603K, capacity 618K, committed 640K, reserved 1048576K
Event: 13.735 GC heap after
Heap after GC invocations=10 (full 1):
 PSYoungGen      total 119296K, used 4595K [0x00000000eab00000, 0x00000000f6d80000, 0x0000000100000000)
  eden space 114688K, 0% used [0x00000000eab00000,0x00000000eab00000,0x00000000f1b00000)
  from space 4608K, 99% used [0x00000000f1b00000,0x00000000f1f7cde0,0x00000000f1f80000)
  to   space 29696K, 0% used [0x00000000f5080000,0x00000000f5080000,0x00000000f6d80000)
 ParOldGen       total 136192K, used 109765K [0x00000000c0000000, 0x00000000c8500000, 0x00000000eab00000)
  object space 136192K, 80% used [0x00000000c0000000,0x00000000c6b317f0,0x00000000c8500000)
 Metaspace       used 6602K, capacity 7346K, committed 7552K, reserved 1056768K
  class space    used 603K, capacity 618K, committed 640K, reserved 1048576K
}

