# JRE version: OpenJDK Runtime Environment (8.0) (build 1.8.0-25-microsoft-b00)
# Java VM: OpenJDK 64-Bit Server VM (25.71-b00 mixed mode windows-amd64 compressed oops)
Heap:
 PSYoungGen      total 130560K, used 113664K [0x00000000eab00000, 0x00000000f3e00000, 0x0000000100000000)
  eden space 113664K, 100% used [0x00000000eab00000,0x00000000f1a00000,0x00000000f1a00000)
  from space 16896K, 0% used [0x00000000f2b80000,0x00000000f2b80000,0x00000000f3c00000)
  to   space 17920K, 0% used [0x00000000f1a00000,0x00000000f1a00000,0x00000000f2b80000)
 ParOldGen       total 144384K, used 144045K [0x00000000c0000000, 0x00000000c8d00000, 0x00000000eab00000)
  object space 144384K, 99% used [0x00000000c0000000,0x00000000c8cab7b0,0x00000000c8d00000)
 Metaspace       used 6680K, capacity 7348K, committed 7552K, reserved 1056768K
  class space    used 605K, capacity 620K, committed 640K, reserved 1048576K
GC Heap History (10 events):
Event: 25.242 GC heap after
Heap after GC invocations=19 (full 7):
 PSYoungGen      total 130560K, used 54864K [0x00000000eab00000, 0x00000000f3e00000, 0x0000000100000000)
  eden space 113664K, 48% used [0x00000000eab00000,0x00000000ee094270,0x00000000f1a00000)
  from space 16896K, 0% used [0x00000000f2b80000,0x00000000f2b80000,0x00000000f3c00000)
  to   space 17920K, 0% used [0x00000000f1a00000,0x00000000f1a00000,0x00000000f2b80000)
 ParOldGen       total 144384K, used 144054K [0x00000000c0000000, 0x00000000c8d00000, 0x00000000eab00000)
  object space 144384K, 99% used [0x00000000c0000000,0x00000000c8cada40,0x00000000c8d00000)
 Metaspace       used 6665K, capacity 7348K, committed 7552K, reserved 1056768K
  class space    used 605K, capacity 620K, committed 640K, reserved 1048576K
}
Event: 25.726 GC heap before
{Heap before GC invocations=20 (full 8):
 PSYoungGen      total 130560K, used 113664K [0x00000000eab00000, 0x00000000f3e00000, 0x0000000100000000)
  eden space 113664K, 100% used [0x00000000eab00000,0x00000000f1a00000,0x00000000f1a00000)
  from space 16896K, 0% used [0x00000000f2b80000,0x00000000f2b80000,0x00000000f3c00000)
  to   space 17920K, 0% used [0x00000000f1a00000,0x00000000f1a00000,0x00000000f2b80000)
 ParOldGen       total 144384K, used 144054K [0x00000000c0000000, 0x00000000c8d00000, 0x00000000eab00000)
  object space 144384K, 99% used [0x00000000c0000000,0x00000000c8cada40,0x00000000c8d00000)
 Metaspace       used 6666K, capacity 7348K, committed 7552K, reserved 1056768K
  class space    used 605K, capacity 620K, committed 640K, reserved 1048576K
Event: 26.699 GC heap after
Heap after GC invocations=20 (full 8):
 PSYoungGen      total 130560K, used 62929K [0x00000000eab00000, 0x00000000f3e00000, 0x0000000100000000)
  eden space 113664K, 55% used [0x00000000eab00000,0x00000000ee8747b0,0x00000000f1a00000)
  from space 16896K, 0% used [0x00000000f2b80000,0x00000000f2b80000,0x00000000f3c00000)
  to   space 17920K, 0% used [0x00000000f1a00000,0x00000000f1a00000,0x00000000f2b80000)
 ParOldGen       total 144384K, used 144047K [0x00000000c0000000, 0x00000000c8d00000, 0x00000000eab00000)
  object space 144384K, 99% used [0x00000000c0000000,0x00000000c8cabc30,0x00000000c8d00000)
 Metaspace       used 6666K, capacity 7348K, committed 7552K, reserved 1056768K
  class space    used 605K, capacity 620K, committed 640K, reserved 1048576K
}
Event: 27.080 GC heap before
{Heap before GC invocations=21 (full 9):
 PSYoungGen      total 130560K, used 113664K [0x00000000eab00000, 0x00000000f3e00000, 0x0000000100000000)
  eden space 113664K, 100% used [0x00000000eab00000,0x00000000f1a00000,0x00000000f1a00000)
  from space 16896K, 0% used [0x00000000f2b80000,0x00000000f2b80000,0x00000000f3c00000)
  to   space 17920K, 0% used [0x00000000f1a00000,0x00000000f1a00000,0x00000000f2b80000)
 ParOldGen       total 144384K, used 144047K [0x00000000c0000000, 0x00000000c8d00000, 0x00000000eab00000)
  object space 144384K, 99% used [0x00000000c0000000,0x00000000c8cabc30,0x00000000c8d00000)
 Metaspace       used 6666K, capacity 7348K, committed 7552K, reserved 1056768K
  class space    used 605K, capacity 620K, committed 640K, reserved 1048576K
Event: 28.013 GC heap after
Heap after GC invocations=21 (full 9):
 PSYoungGen      total 130560K, used 70424K [0x00000000eab00000, 0x00000000f3e00000, 0x0000000100000000)
  eden space 113664K, 61% used [0x00000000eab00000,0x00000000eefc6240,0x00000000f1a00000)
  from space 16896K, 0% used [0x00000000f2b80000,0x00000000f2b80000,0x00000000f3c00000)
  to   space 17920K, 0% used [0x00000000f1a00000,0x00000000f1a00000,0x00000000f2b80000)
 ParOldGen       total 144384K, used 144046K [0x00000000c0000000, 0x00000000c8d00000, 0x00000000eab00000)
  object space 144384K, 99% used [0x00000000c0000000,0x00000000c8cabb70,0x00000000c8d00000)
 Metaspace       used 6666K, capacity 7348K, committed 7552K, reserved 1056768K
  class space    used 605K, capacity 620K, committed 640K, reserved 1048576K
}
Event: 28.395 GC heap before
{Heap before GC invocations=22 (full 10):
 PSYoungGen      total 130560K, used 113664K [0x00000000eab00000, 0x00000000f3e00000, 0x0000000100000000)
  eden space 113664K, 100% used [0x00000000eab00000,0x00000000f1a00000,0x00000000f1a00000)
  from space 16896K, 0% used [0x00000000f2b80000,0x00000000f2b80000,0x00000000f3c00000)
  to   space 17920K, 0% used [0x00000000f1a00000,0x00000000f1a00000,0x00000000f2b80000)
 ParOldGen       total 144384K, used 144046K [0x00000000c0000000, 0x00000000c8d00000, 0x00000000eab00000)
  object space 144384K, 99% used [0x00000000c0000000,0x00000000c8cabb70,0x00000000c8d00000)
 Metaspace       used 6669K, capacity 7348K, committed 7552K, reserved 1056768K
  class space    used 605K, capacity 620K, committed 640K, reserved 1048576K
Event: 29.424 GC heap after
Heap after GC invocations=22 (full 10):
 PSYoungGen      total 130560K, used 76276K [0x00000000eab00000, 0x00000000f3e00000, 0x0000000100000000)
  eden space 113664K, 67% used [0x00000000eab00000,0x00000000ef57d2b0,0x00000000f1a00000)
  from space 16896K, 0% used [0x00000000f2b80000,0x00000000f2b80000,0x00000000f3c00000)
  to   space 17920K, 0% used [0x00000000f1a00000,0x00000000f1a00000,0x00000000f2b80000)
 ParOldGen       total 144384K, used 144046K [0x00000000c0000000, 0x00000000c8d00000, 0x00000000eab00000)
  object space 144384K, 99% used [0x00000000c0000000,0x00000000c8cab870,0x00000000c8d00000)
 Metaspace       used 6669K, capacity 7348K, committed 7552K, reserved 1056768K
  class space    used 605K, capacity 620K, committed 640K, reserved 1048576K
}
Event: 29.727 GC heap before
{Heap before GC invocations=23 (full 11):
 PSYoungGen      total 130560K, used 113664K [0x00000000eab00000, 0x00000000f3e00000, 0x0000000100000000)
  eden space 113664K, 100% used [0x00000000eab00000,0x00000000f1a00000,0x00000000f1a00000)
  from space 16896K, 0% used [0x00000000f2b80000,0x00000000f2b80000,0x00000000f3c00000)
  to   space 17920K, 0% used [0x00000000f1a00000,0x00000000f1a00000,0x00000000f2b80000)
 ParOldGen       total 144384K, used 144046K [0x00000000c0000000, 0x00000000c8d00000, 0x00000000eab00000)
  object space 144384K, 99% used [0x00000000c0000000,0x00000000c8cab870,0x00000000c8d00000)
 Metaspace       used 6670K, capacity 7348K, committed 7552K, reserved 1056768K
  class space    used 605K, capacity 620K, committed 640K, reserved 1048576K
Event: 30.560 GC heap after
Heap after GC invocations=23 (full 11):
 PSYoungGen      total 130560K, used 81613K [0x00000000eab00000, 0x00000000f3e00000, 0x0000000100000000)
  eden space 113664K, 71% used [0x00000000eab00000,0x00000000efab3728,0x00000000f1a00000)
  from space 16896K, 0% used [0x00000000f2b80000,0x00000000f2b80000,0x00000000f3c00000)
  to   space 17920K, 0% used [0x00000000f1a00000,0x00000000f1a00000,0x00000000f2b80000)
 ParOldGen       total 144384K, used 144045K [0x00000000c0000000, 0x00000000c8d00000, 0x00000000eab00000)
  object space 144384K, 99% used [0x00000000c0000000,0x00000000c8cab7b0,0x00000000c8d00000)
 Metaspace       used 6670K, capacity 7348K, committed 7552K, reserved 1056768K
  class space    used 605K, capacity 620K, committed 640K, reserved 1048576K
}
Event: 30.924 GC heap before
{Heap before GC invocations=24 (full 12):
 PSYoungGen      total 130560K, used 113664K [0x00000000eab00000, 0x00000000f3e00000, 0x0000000100000000)
  eden space 113664K, 100% used [0x00000000eab00000,0x00000000f1a00000,0x00000000f1a00000)
  from space 16896K, 0% used [0x00000000f2b80000,0x00000000f2b80000,0x00000000f3c00000)
  to   space 17920K, 0% used [0x00000000f1a00000,0x00000000f1a00000,0x00000000f2b80000)
 ParOldGen       total 144384K, used 144045K [0x00000000c0000000, 0x00000000c8d00000, 0x00000000eab00000)
  object space 144384K, 99% used [0x00000000c0000000,0x00000000c8cab7b0,0x00000000c8d00000)
 Metaspace       used 6680K, capacity 7348K, committed 7552K, reserved 1056768K
  class space    used 605K, capacity 620K, committed 640K, reserved 1048576K

