# JRE version: OpenJDK Runtime Environment (8.0) (build 1.8.0-25-microsoft-b00)
# Java VM: OpenJDK 64-Bit Server VM (25.71-b00 mixed mode windows-amd64 compressed oops)
Heap:
 PSYoungGen      total 26624K, used 9682K [0x00000000dad80000, 0x00000000dd380000, 0x0000000100000000)
  eden space 15872K, 61% used [0x00000000dad80000,0x00000000db6f4908,0x00000000dbd00000)
  from space 10752K, 0% used [0x00000000dbd00000,0x00000000dbd00000,0x00000000dc780000)
  to   space 8704K, 0% used [0x00000000dc780000,0x00000000dc780000,0x00000000dd000000)
 ParOldGen       total 17920K, used 17629K [0x0000000090800000, 0x0000000091980000, 0x00000000dad80000)
  object space 17920K, 98% used [0x0000000090800000,0x0000000091937650,0x0000000091980000)
 Metaspace       used 9256K, capacity 9790K, committed 9984K, reserved 1058816K
  class space    used 997K, capacity 1010K, committed 1024K, reserved 1048576K
GC Heap History (10 events):
Event: 3.517 GC heap before
{Heap before GC invocations=16 (full 2):
 PSYoungGen      total 21504K, used 20011K [0x00000000dad80000, 0x00000000dd000000, 0x0000000100000000)
  eden space 13824K, 100% used [0x00000000dad80000,0x00000000dbb00000,0x00000000dbb00000)
  from space 7680K, 80% used [0x00000000dbb00000,0x00000000dc10afc8,0x00000000dc280000)
  to   space 8704K, 0% used [0x00000000dc780000,0x00000000dc780000,0x00000000dd000000)
 ParOldGen       total 17920K, used 9409K [0x0000000090800000, 0x0000000091980000, 0x00000000dad80000)
  object space 17920K, 52% used [0x0000000090800000,0x0000000091130580,0x0000000091980000)
 Metaspace       used 7584K, capacity 8468K, committed 8704K, reserved 1056768K
  class space    used 869K, capacity 912K, committed 1024K, reserved 1048576K
Event: 3.529 GC heap after
Heap after GC invocations=16 (full 2):
 PSYoungGen      total 24576K, used 8691K [0x00000000dad80000, 0x00000000dd380000, 0x0000000100000000)
  eden space 15872K, 0% used [0x00000000dad80000,0x00000000dad80000,0x00000000dbd00000)
  from space 8704K, 99% used [0x00000000dc780000,0x00000000dcffcff0,0x00000000dd000000)
  to   space 10752K, 0% used [0x00000000dbd00000,0x00000000dbd00000,0x00000000dc780000)
 ParOldGen       total 17920K, used 11335K [0x0000000090800000, 0x0000000091980000, 0x00000000dad80000)
  object space 17920K, 63% used [0x0000000090800000,0x0000000091311fe8,0x0000000091980000)
 Metaspace       used 7584K, capacity 8468K, committed 8704K, reserved 1056768K
  class space    used 869K, capacity 912K, committed 1024K, reserved 1048576K
}
Event: 4.065 GC heap before
{Heap before GC invocations=17 (full 2):
 PSYoungGen      total 24576K, used 24563K [0x00000000dad80000, 0x00000000dd380000, 0x0000000100000000)
  eden space 15872K, 100% used [0x00000000dad80000,0x00000000dbd00000,0x00000000dbd00000)
  from space 8704K, 99% used [0x00000000dc780000,0x00000000dcffcff0,0x00000000dd000000)
  to   space 10752K, 0% used [0x00000000dbd00000,0x00000000dbd00000,0x00000000dc780000)
 ParOldGen       total 17920K, used 11335K [0x0000000090800000, 0x0000000091980000, 0x00000000dad80000)
  object space 17920K, 63% used [0x0000000090800000,0x0000000091311fe8,0x0000000091980000)
 Metaspace       used 7816K, capacity 8660K, committed 8960K, reserved 1056768K
  class space    used 877K, capacity 912K, committed 1024K, reserved 1048576K
Event: 4.080 GC heap after
Heap after GC invocations=17 (full 2):
 PSYoungGen      total 26624K, used 10735K [0x00000000dad80000, 0x00000000dd380000, 0x0000000100000000)
  eden space 15872K, 0% used [0x00000000dad80000,0x00000000dad80000,0x00000000dbd00000)
  from space 10752K, 99% used [0x00000000dbd00000,0x00000000dc77bc40,0x00000000dc780000)
  to   space 8704K, 0% used [0x00000000dc780000,0x00000000dc780000,0x00000000dd000000)
 ParOldGen       total 17920K, used 14605K [0x0000000090800000, 0x0000000091980000, 0x00000000dad80000)
  object space 17920K, 81% used [0x0000000090800000,0x0000000091643770,0x0000000091980000)
 Metaspace       used 7816K, capacity 8660K, committed 8960K, reserved 1056768K
  class space    used 877K, capacity 912K, committed 1024K, reserved 1048576K
}
Event: 4.080 GC heap before
{Heap before GC invocations=18 (full 3):
 PSYoungGen      total 26624K, used 10735K [0x00000000dad80000, 0x00000000dd380000, 0x0000000100000000)
  eden space 15872K, 0% used [0x00000000dad80000,0x00000000dad80000,0x00000000dbd00000)
  from space 10752K, 99% used [0x00000000dbd00000,0x00000000dc77bc40,0x00000000dc780000)
  to   space 8704K, 0% used [0x00000000dc780000,0x00000000dc780000,0x00000000dd000000)
 ParOldGen       total 17920K, used 14605K [0x0000000090800000, 0x0000000091980000, 0x00000000dad80000)
  object space 17920K, 81% used [0x0000000090800000,0x0000000091643770,0x0000000091980000)
 Metaspace       used 7816K, capacity 8660K, committed 8960K, reserved 1056768K
  class space    used 877K, capacity 912K, committed 1024K, reserved 1048576K
Event: 4.220 GC heap after
Heap after GC invocations=18 (full 3):
 PSYoungGen      total 26624K, used 6108K [0x00000000dad80000, 0x00000000dd380000, 0x0000000100000000)
  eden space 15872K, 0% used [0x00000000dad80000,0x00000000dad80000,0x00000000dbd00000)
  from space 10752K, 56% used [0x00000000dbd00000,0x00000000dc2f7338,0x00000000dc780000)
  to   space 8704K, 0% used [0x00000000dc780000,0x00000000dc780000,0x00000000dd000000)
 ParOldGen       total 17920K, used 17365K [0x0000000090800000, 0x0000000091980000, 0x00000000dad80000)
  object space 17920K, 96% used [0x0000000090800000,0x00000000918f5780,0x0000000091980000)
 Metaspace       used 7816K, capacity 8660K, committed 8960K, reserved 1056768K
  class space    used 877K, capacity 912K, committed 1024K, reserved 1048576K
}
Event: 5.389 GC heap before
{Heap before GC invocations=19 (full 4):
 PSYoungGen      total 26624K, used 21980K [0x00000000dad80000, 0x00000000dd380000, 0x0000000100000000)
  eden space 15872K, 100% used [0x00000000dad80000,0x00000000dbd00000,0x00000000dbd00000)
  from space 10752K, 56% used [0x00000000dbd00000,0x00000000dc2f7338,0x00000000dc780000)
  to   space 8704K, 0% used [0x00000000dc780000,0x00000000dc780000,0x00000000dd000000)
 ParOldGen       total 17920K, used 17365K [0x0000000090800000, 0x0000000091980000, 0x00000000dad80000)
  object space 17920K, 96% used [0x0000000090800000,0x00000000918f5780,0x0000000091980000)
 Metaspace       used 9086K, capacity 9662K, committed 9728K, reserved 1058816K
  class space    used 997K, capacity 1010K, committed 1024K, reserved 1048576K
Event: 5.576 GC heap after
Heap after GC invocations=19 (full 4):
 PSYoungGen      total 26624K, used 6732K [0x00000000dad80000, 0x00000000dd380000, 0x0000000100000000)
  eden space 15872K, 42% used [0x00000000dad80000,0x00000000db4130a8,0x00000000dbd00000)
  from space 10752K, 0% used [0x00000000dbd00000,0x00000000dbd00000,0x00000000dc780000)
  to   space 8704K, 0% used [0x00000000dc780000,0x00000000dc780000,0x00000000dd000000)
 ParOldGen       total 17920K, used 17897K [0x0000000090800000, 0x0000000091980000, 0x00000000dad80000)
  object space 17920K, 99% used [0x0000000090800000,0x000000009197a598,0x0000000091980000)
 Metaspace       used 9086K, capacity 9662K, committed 9728K, reserved 1058816K
  class space    used 997K, capacity 1010K, committed 1024K, reserved 1048576K
}
Event: 6.154 GC heap before
{Heap before GC invocations=20 (full 5):
 PSYoungGen      total 26624K, used 15872K [0x00000000dad80000, 0x00000000dd380000, 0x0000000100000000)
  eden space 15872K, 100% used [0x00000000dad80000,0x00000000dbd00000,0x00000000dbd00000)
  from space 10752K, 0% used [0x00000000dbd00000,0x00000000dbd00000,0x00000000dc780000)
  to   space 8704K, 0% used [0x00000000dc780000,0x00000000dc780000,0x00000000dd000000)
 ParOldGen       total 17920K, used 17897K [0x0000000090800000, 0x0000000091980000, 0x00000000dad80000)
  object space 17920K, 99% used [0x0000000090800000,0x000000009197a598,0x0000000091980000)
 Metaspace       used 9175K, capacity 9726K, committed 9984K, reserved 1058816K
  class space    used 997K, capacity 1010K, committed 1024K, reserved 1048576K
Event: 6.262 GC heap after
Heap after GC invocations=20 (full 5):
 PSYoungGen      total 26624K, used 5877K [0x00000000dad80000, 0x00000000dd380000, 0x0000000100000000)
  eden space 15872K, 37% used [0x00000000dad80000,0x00000000db33d708,0x00000000dbd00000)
  from space 10752K, 0% used [0x00000000dbd00000,0x00000000dbd00000,0x00000000dc780000)
  to   space 8704K, 0% used [0x00000000dc780000,0x00000000dc780000,0x00000000dd000000)
 ParOldGen       total 17920K, used 17629K [0x0000000090800000, 0x0000000091980000, 0x00000000dad80000)
  object space 17920K, 98% used [0x0000000090800000,0x0000000091937650,0x0000000091980000)
 Metaspace       used 9175K, capacity 9726K, committed 9984K, reserved 1058816K
  class space    used 997K, capacity 1010K, committed 1024K, reserved 1048576K
}

