# JRE version: OpenJDK Runtime Environment (8.0) (build 1.8.0-25-microsoft-b00)
# Java VM: OpenJDK 64-Bit Server VM (25.71-b00 mixed mode windows-amd64 compressed oops)
Heap:
 PSYoungGen      total 6656K, used 2766K [0x00000000dad80000, 0x00000000dc080000, 0x0000000100000000)
  eden space 6144K, 45% used [0x00000000dad80000,0x00000000db033808,0x00000000db380000)
  from space 512K, 0% used [0x00000000db380000,0x00000000db380000,0x00000000db400000)
  to   space 3584K, 0% used [0x00000000dbd00000,0x00000000dbd00000,0x00000000dc080000)
 ParOldGen       total 5632K, used 5463K [0x0000000090800000, 0x0000000090d80000, 0x00000000dad80000)
  object space 5632K, 97% used [0x0000000090800000,0x0000000090d55ff0,0x0000000090d80000)
 Metaspace       used 7224K, capacity 8180K, committed 8320K, reserved 1056768K
  class space    used 852K, capacity 880K, committed 896K, reserved 1048576K
GC Heap History (10 events):
Event: 1.187 GC heap before
{Heap before GC invocations=5 (full 0):
 PSYoungGen      total 6656K, used 6640K [0x00000000dad80000, 0x00000000db480000, 0x0000000100000000)
  eden space 6144K, 100% used [0x00000000dad80000,0x00000000db380000,0x00000000db380000)
  from space 512K, 96% used [0x00000000db400000,0x00000000db47c030,0x00000000db480000)
  to   space 512K, 0% used [0x00000000db380000,0x00000000db380000,0x00000000db400000)
 ParOldGen       total 5632K, used 732K [0x0000000090800000, 0x0000000090d80000, 0x00000000dad80000)
  object space 5632K, 12% used [0x0000000090800000,0x00000000908b7030,0x0000000090d80000)
 Metaspace       used 7179K, capacity 8180K, committed 8320K, reserved 1056768K
  class space    used 844K, capacity 880K, committed 896K, reserved 1048576K
Event: 1.193 GC heap after
Heap after GC invocations=5 (full 0):
 PSYoungGen      total 6656K, used 480K [0x00000000dad80000, 0x00000000dc080000, 0x0000000100000000)
  eden space 6144K, 0% used [0x00000000dad80000,0x00000000dad80000,0x00000000db380000)
  from space 512K, 93% used [0x00000000db380000,0x00000000db3f8020,0x00000000db400000)
  to   space 3584K, 0% used [0x00000000dbd00000,0x00000000dbd00000,0x00000000dc080000)
 ParOldGen       total 5632K, used 4553K [0x0000000090800000, 0x0000000090d80000, 0x00000000dad80000)
  object space 5632K, 80% used [0x0000000090800000,0x0000000090c726b8,0x0000000090d80000)
 Metaspace       used 7179K, capacity 8180K, committed 8320K, reserved 1056768K
  class space    used 844K, capacity 880K, committed 896K, reserved 1048576K
}
Event: 1.193 GC heap before
{Heap before GC invocations=6 (full 1):
 PSYoungGen      total 6656K, used 480K [0x00000000dad80000, 0x00000000dc080000, 0x0000000100000000)
  eden space 6144K, 0% used [0x00000000dad80000,0x00000000dad80000,0x00000000db380000)
  from space 512K, 93% used [0x00000000db380000,0x00000000db3f8020,0x00000000db400000)
  to   space 3584K, 0% used [0x00000000dbd00000,0x00000000dbd00000,0x00000000dc080000)
 ParOldGen       total 5632K, used 4553K [0x0000000090800000, 0x0000000090d80000, 0x00000000dad80000)
  object space 5632K, 80% used [0x0000000090800000,0x0000000090c726b8,0x0000000090d80000)
 Metaspace       used 7179K, capacity 8180K, committed 8320K, reserved 1056768K
  class space    used 844K, capacity 880K, committed 896K, reserved 1048576K
Event: 1.214 GC heap after
Heap after GC invocations=6 (full 1):
 PSYoungGen      total 6656K, used 0K [0x00000000dad80000, 0x00000000dc080000, 0x0000000100000000)
  eden space 6144K, 0% used [0x00000000dad80000,0x00000000dad80000,0x00000000db380000)
  from space 512K, 0% used [0x00000000db380000,0x00000000db380000,0x00000000db400000)
  to   space 3584K, 0% used [0x00000000dbd00000,0x00000000dbd00000,0x00000000dc080000)
 ParOldGen       total 5632K, used 3753K [0x0000000090800000, 0x0000000090d80000, 0x00000000dad80000)
  object space 5632K, 66% used [0x0000000090800000,0x0000000090baa798,0x0000000090d80000)
 Metaspace       used 7179K, capacity 8180K, committed 8320K, reserved 1056768K
  class space    used 844K, capacity 880K, committed 896K, reserved 1048576K
}
Event: 1.292 GC heap before
{Heap before GC invocations=7 (full 2):
 PSYoungGen      total 6656K, used 5869K [0x00000000dad80000, 0x00000000dc080000, 0x0000000100000000)
  eden space 6144K, 95% used [0x00000000dad80000,0x00000000db33b488,0x00000000db380000)
  from space 512K, 0% used [0x00000000db380000,0x00000000db380000,0x00000000db400000)
  to   space 3584K, 0% used [0x00000000dbd00000,0x00000000dbd00000,0x00000000dc080000)
 ParOldGen       total 5632K, used 3753K [0x0000000090800000, 0x0000000090d80000, 0x00000000dad80000)
  object space 5632K, 66% used [0x0000000090800000,0x0000000090baa798,0x0000000090d80000)
 Metaspace       used 7201K, capacity 8180K, committed 8320K, reserved 1056768K
  class space    used 846K, capacity 880K, committed 896K, reserved 1048576K
Event: 1.332 GC heap after
Heap after GC invocations=7 (full 2):
 PSYoungGen      total 6656K, used 0K [0x00000000dad80000, 0x00000000dc080000, 0x0000000100000000)
  eden space 6144K, 0% used [0x00000000dad80000,0x00000000dad80000,0x00000000db380000)
  from space 512K, 0% used [0x00000000db380000,0x00000000db380000,0x00000000db400000)
  to   space 3584K, 0% used [0x00000000dbd00000,0x00000000dbd00000,0x00000000dc080000)
 ParOldGen       total 5632K, used 3779K [0x0000000090800000, 0x0000000090d80000, 0x00000000dad80000)
  object space 5632K, 67% used [0x0000000090800000,0x0000000090bb0f08,0x0000000090d80000)
 Metaspace       used 7201K, capacity 8180K, committed 8320K, reserved 1056768K
  class space    used 846K, capacity 880K, committed 896K, reserved 1048576K
}
Event: 1.400 GC heap before
{Heap before GC invocations=8 (full 3):
 PSYoungGen      total 6656K, used 4999K [0x00000000dad80000, 0x00000000dc080000, 0x0000000100000000)
  eden space 6144K, 81% used [0x00000000dad80000,0x00000000db261e08,0x00000000db380000)
  from space 512K, 0% used [0x00000000db380000,0x00000000db380000,0x00000000db400000)
  to   space 3584K, 0% used [0x00000000dbd00000,0x00000000dbd00000,0x00000000dc080000)
 ParOldGen       total 5632K, used 3779K [0x0000000090800000, 0x0000000090d80000, 0x00000000dad80000)
  object space 5632K, 67% used [0x0000000090800000,0x0000000090bb0f08,0x0000000090d80000)
 Metaspace       used 7201K, capacity 8180K, committed 8320K, reserved 1056768K
  class space    used 846K, capacity 880K, committed 896K, reserved 1048576K
Event: 1.421 GC heap after
Heap after GC invocations=8 (full 3):
 PSYoungGen      total 6656K, used 0K [0x00000000dad80000, 0x00000000dc080000, 0x0000000100000000)
  eden space 6144K, 0% used [0x00000000dad80000,0x00000000dad80000,0x00000000db380000)
  from space 512K, 0% used [0x00000000db380000,0x00000000db380000,0x00000000db400000)
  to   space 3584K, 0% used [0x00000000dbd00000,0x00000000dbd00000,0x00000000dc080000)
 ParOldGen       total 5632K, used 5391K [0x0000000090800000, 0x0000000090d80000, 0x00000000dad80000)
  object space 5632K, 95% used [0x0000000090800000,0x0000000090d43d28,0x0000000090d80000)
 Metaspace       used 7201K, capacity 8180K, committed 8320K, reserved 1056768K
  class space    used 846K, capacity 880K, committed 896K, reserved 1048576K
}
Event: 1.451 GC heap before
{Heap before GC invocations=9 (full 4):
 PSYoungGen      total 6656K, used 6144K [0x00000000dad80000, 0x00000000dc080000, 0x0000000100000000)
  eden space 6144K, 100% used [0x00000000dad80000,0x00000000db380000,0x00000000db380000)
  from space 512K, 0% used [0x00000000db380000,0x00000000db380000,0x00000000db400000)
  to   space 3584K, 0% used [0x00000000dbd00000,0x00000000dbd00000,0x00000000dc080000)
 ParOldGen       total 5632K, used 5391K [0x0000000090800000, 0x0000000090d80000, 0x00000000dad80000)
  object space 5632K, 95% used [0x0000000090800000,0x0000000090d43d28,0x0000000090d80000)
 Metaspace       used 7224K, capacity 8180K, committed 8320K, reserved 1056768K
  class space    used 852K, capacity 880K, committed 896K, reserved 1048576K
Event: 1.492 GC heap after
Heap after GC invocations=9 (full 4):
 PSYoungGen      total 6656K, used 1276K [0x00000000dad80000, 0x00000000dc080000, 0x0000000100000000)
  eden space 6144K, 20% used [0x00000000dad80000,0x00000000daebf290,0x00000000db380000)
  from space 512K, 0% used [0x00000000db380000,0x00000000db380000,0x00000000db400000)
  to   space 3584K, 0% used [0x00000000dbd00000,0x00000000dbd00000,0x00000000dc080000)
 ParOldGen       total 5632K, used 5463K [0x0000000090800000, 0x0000000090d80000, 0x00000000dad80000)
  object space 5632K, 97% used [0x0000000090800000,0x0000000090d55ff0,0x0000000090d80000)
 Metaspace       used 7224K, capacity 8180K, committed 8320K, reserved 1056768K
  class space    used 852K, capacity 880K, committed 896K, reserved 1048576K
}

