# JRE version: OpenJDK Runtime Environment (8.0) (build 1.8.0-25-microsoft-b00)
# Java VM: OpenJDK 64-Bit Server VM (25.71-b00 mixed mode windows-amd64 compressed oops)
Heap:
 PSYoungGen      total 104448K, used 40314K [0x00000000eab00000, 0x00000000f4480000, 0x0000000100000000)
  eden space 83456K, 23% used [0x00000000eab00000,0x00000000ebde4230,0x00000000efc80000)
  from space 20992K, 99% used [0x00000000f1700000,0x00000000f2b7a860,0x00000000f2b80000)
  to   space 27136K, 0% used [0x00000000efc80000,0x00000000efc80000,0x00000000f1700000)
 ParOldGen       total 123904K, used 74935K [0x00000000c0000000, 0x00000000c7900000, 0x00000000eab00000)
  object space 123904K, 60% used [0x00000000c0000000,0x00000000c492df50,0x00000000c7900000)
 Metaspace       used 6600K, capacity 7346K, committed 7552K, reserved 1056768K
  class space    used 603K, capacity 618K, committed 640K, reserved 1048576K
GC Heap History (10 events):
Event: 11.085 GC heap before
{Heap before GC invocations=9 (full 0):
 PSYoungGen      total 61952K, used 61947K [0x00000000eab00000, 0x00000000eec00000, 0x0000000100000000)
  eden space 57344K, 100% used [0x00000000eab00000,0x00000000ee300000,0x00000000ee300000)
  from space 4608K, 99% used [0x00000000ee780000,0x00000000eebfee70,0x00000000eec00000)
  to   space 4608K, 0% used [0x00000000ee300000,0x00000000ee300000,0x00000000ee780000)
 ParOldGen       total 76800K, used 54975K [0x00000000c0000000, 0x00000000c4b00000, 0x00000000eab00000)
  object space 76800K, 71% used [0x00000000c0000000,0x00000000c35afe50,0x00000000c4b00000)
 Metaspace       used 6567K, capacity 7282K, committed 7552K, reserved 1056768K
  class space    used 603K, capacity 618K, committed 640K, reserved 1048576K
Event: 11.131 GC heap after
Heap after GC invocations=9 (full 0):
 PSYoungGen      total 61952K, used 4578K [0x00000000eab00000, 0x00000000f2a00000, 0x0000000100000000)
  eden space 57344K, 0% used [0x00000000eab00000,0x00000000eab00000,0x00000000ee300000)
  from space 4608K, 99% used [0x00000000ee300000,0x00000000ee778bc0,0x00000000ee780000)
  to   space 18944K, 0% used [0x00000000f1780000,0x00000000f1780000,0x00000000f2a00000)
 ParOldGen       total 76800K, used 64220K [0x00000000c0000000, 0x00000000c4b00000, 0x00000000eab00000)
  object space 76800K, 83% used [0x00000000c0000000,0x00000000c3eb71e8,0x00000000c4b00000)
 Metaspace       used 6567K, capacity 7282K, committed 7552K, reserved 1056768K
  class space    used 603K, capacity 618K, committed 640K, reserved 1048576K
}
Event: 11.131 GC heap before
{Heap before GC invocations=10 (full 1):
 PSYoungGen      total 61952K, used 4578K [0x00000000eab00000, 0x00000000f2a00000, 0x0000000100000000)
  eden space 57344K, 0% used [0x00000000eab00000,0x00000000eab00000,0x00000000ee300000)
  from space 4608K, 99% used [0x00000000ee300000,0x00000000ee778bc0,0x00000000ee780000)
  to   space 18944K, 0% used [0x00000000f1780000,0x00000000f1780000,0x00000000f2a00000)
 ParOldGen       total 76800K, used 64220K [0x00000000c0000000, 0x00000000c4b00000, 0x00000000eab00000)
  object space 76800K, 83% used [0x00000000c0000000,0x00000000c3eb71e8,0x00000000c4b00000)
 Metaspace       used 6567K, capacity 7282K, committed 7552K, reserved 1056768K
  class space    used 603K, capacity 618K, committed 640K, reserved 1048576K
Event: 11.826 GC heap after
Heap after GC invocations=10 (full 1):
 PSYoungGen      total 61952K, used 0K [0x00000000eab00000, 0x00000000f2a00000, 0x0000000100000000)
  eden space 57344K, 0% used [0x00000000eab00000,0x00000000eab00000,0x00000000ee300000)
  from space 4608K, 0% used [0x00000000ee300000,0x00000000ee300000,0x00000000ee780000)
  to   space 18944K, 0% used [0x00000000f1780000,0x00000000f1780000,0x00000000f2a00000)
 ParOldGen       total 123904K, used 64564K [0x00000000c0000000, 0x00000000c7900000, 0x00000000eab00000)
  object space 123904K, 52% used [0x00000000c0000000,0x00000000c3f0d300,0x00000000c7900000)
 Metaspace       used 6567K, capacity 7282K, committed 7552K, reserved 1056768K
  class space    used 603K, capacity 618K, committed 640K, reserved 1048576K
}
Event: 12.508 GC heap before
{Heap before GC invocations=11 (full 1):
 PSYoungGen      total 61952K, used 57344K [0x00000000eab00000, 0x00000000f2a00000, 0x0000000100000000)
  eden space 57344K, 100% used [0x00000000eab00000,0x00000000ee300000,0x00000000ee300000)
  from space 4608K, 0% used [0x00000000ee300000,0x00000000ee300000,0x00000000ee780000)
  to   space 18944K, 0% used [0x00000000f1780000,0x00000000f1780000,0x00000000f2a00000)
 ParOldGen       total 123904K, used 64564K [0x00000000c0000000, 0x00000000c7900000, 0x00000000eab00000)
  object space 123904K, 52% used [0x00000000c0000000,0x00000000c3f0d300,0x00000000c7900000)
 Metaspace       used 6574K, capacity 7282K, committed 7552K, reserved 1056768K
  class space    used 603K, capacity 618K, committed 640K, reserved 1048576K
Event: 12.543 GC heap after
Heap after GC invocations=11 (full 1):
 PSYoungGen      total 79360K, used 7676K [0x00000000eab00000, 0x00000000f1f00000, 0x0000000100000000)
  eden space 71680K, 0% used [0x00000000eab00000,0x00000000eab00000,0x00000000ef100000)
  from space 7680K, 99% used [0x00000000f1780000,0x00000000f1eff3e0,0x00000000f1f00000)
  to   space 18944K, 0% used [0x00000000efa00000,0x00000000efa00000,0x00000000f0c80000)
 ParOldGen       total 123904K, used 64572K [0x00000000c0000000, 0x00000000c7900000, 0x00000000eab00000)
  object space 123904K, 52% used [0x00000000c0000000,0x00000000c3f0f300,0x00000000c7900000)
 Metaspace       used 6574K, capacity 7282K, committed 7552K, reserved 1056768K
  class space    used 603K, capacity 618K, committed 640K, reserved 1048576K
}
Event: 13.530 GC heap before
{Heap before GC invocations=12 (full 1):
 PSYoungGen      total 79360K, used 79356K [0x00000000eab00000, 0x00000000f1f00000, 0x0000000100000000)
  eden space 71680K, 100% used [0x00000000eab00000,0x00000000ef100000,0x00000000ef100000)
  from space 7680K, 99% used [0x00000000f1780000,0x00000000f1eff3e0,0x00000000f1f00000)
  to   space 18944K, 0% used [0x00000000efa00000,0x00000000efa00000,0x00000000f0c80000)
 ParOldGen       total 123904K, used 64572K [0x00000000c0000000, 0x00000000c7900000, 0x00000000eab00000)
  object space 123904K, 52% used [0x00000000c0000000,0x00000000c3f0f300,0x00000000c7900000)
 Metaspace       used 6585K, capacity 7282K, committed 7552K, reserved 1056768K
  class space    used 603K, capacity 618K, committed 640K, reserved 1048576K
Event: 13.579 GC heap after
Heap after GC invocations=12 (full 1):
 PSYoungGen      total 99840K, used 18916K [0x00000000eab00000, 0x00000000f2b80000, 0x0000000100000000)
  eden space 80896K, 0% used [0x00000000eab00000,0x00000000eab00000,0x00000000efa00000)
  from space 18944K, 99% used [0x00000000efa00000,0x00000000f0c79030,0x00000000f0c80000)
  to   space 20992K, 0% used [0x00000000f1700000,0x00000000f1700000,0x00000000f2b80000)
 ParOldGen       total 123904K, used 65114K [0x00000000c0000000, 0x00000000c7900000, 0x00000000eab00000)
  object space 123904K, 52% used [0x00000000c0000000,0x00000000c3f968f8,0x00000000c7900000)
 Metaspace       used 6585K, capacity 7282K, committed 7552K, reserved 1056768K
  class space    used 603K, capacity 618K, committed 640K, reserved 1048576K
}
Event: 14.597 GC heap before
{Heap before GC invocations=13 (full 1):
 PSYoungGen      total 99840K, used 99812K [0x00000000eab00000, 0x00000000f2b80000, 0x0000000100000000)
  eden space 80896K, 100% used [0x00000000eab00000,0x00000000efa00000,0x00000000efa00000)
  from space 18944K, 99% used [0x00000000efa00000,0x00000000f0c79030,0x00000000f0c80000)
  to   space 20992K, 0% used [0x00000000f1700000,0x00000000f1700000,0x00000000f2b80000)
 ParOldGen       total 123904K, used 65114K [0x00000000c0000000, 0x00000000c7900000, 0x00000000eab00000)
  object space 123904K, 52% used [0x00000000c0000000,0x00000000c3f968f8,0x00000000c7900000)
 Metaspace       used 6588K, capacity 7282K, committed 7552K, reserved 1056768K
  class space    used 603K, capacity 618K, committed 640K, reserved 1048576K
Event: 14.666 GC heap after
Heap after GC invocations=13 (full 1):
 PSYoungGen      total 104448K, used 20970K [0x00000000eab00000, 0x00000000f4480000, 0x0000000100000000)
  eden space 83456K, 0% used [0x00000000eab00000,0x00000000eab00000,0x00000000efc80000)
  from space 20992K, 99% used [0x00000000f1700000,0x00000000f2b7a860,0x00000000f2b80000)
  to   space 27136K, 0% used [0x00000000efc80000,0x00000000efc80000,0x00000000f1700000)
 ParOldGen       total 123904K, used 74935K [0x00000000c0000000, 0x00000000c7900000, 0x00000000eab00000)
  object space 123904K, 60% used [0x00000000c0000000,0x00000000c492df50,0x00000000c7900000)
 Metaspace       used 6588K, capacity 7282K, committed 7552K, reserved 1056768K
  class space    used 603K, capacity 618K, committed 640K, reserved 1048576K
}

